[debug] [2025-01-20T19:09:12.916Z] ----------------------------------------------------------------------
[debug] [2025-01-20T19:09:12.918Z] Command:       /opt/homebrew/Cellar/node/22.3.0/bin/node /Users/chirag/Library/pnpm/global/5/node_modules/firebase-tools/lib/bin/firebase.js init
[debug] [2025-01-20T19:09:12.918Z] CLI Version:   13.29.1
[debug] [2025-01-20T19:09:12.918Z] Platform:      darwin
[debug] [2025-01-20T19:09:12.918Z] Node Version:  v22.3.0
[debug] [2025-01-20T19:09:12.918Z] Time:          Tue Jan 21 2025 00:39:12 GMT+0530 (India Standard Time)
[debug] [2025-01-20T19:09:12.919Z] ----------------------------------------------------------------------
[debug] 
[debug] [2025-01-20T19:09:12.923Z] > command requires scopes: ["email","openid","https://www.googleapis.com/auth/cloudplatformprojects.readonly","https://www.googleapis.com/auth/firebase","https://www.googleapis.com/auth/cloud-platform"]
[debug] [2025-01-20T19:09:12.923Z] > authorizing via signed-in user (chiragkushwaha1811@gmail.com)
[info] 
     ######## #### ########  ######## ########     ###     ######  ########
     ##        ##  ##     ## ##       ##     ##  ##   ##  ##       ##
     ######    ##  ########  ######   ########  #########  ######  ######
     ##        ##  ##    ##  ##       ##     ## ##     ##       ## ##
     ##       #### ##     ## ######## ########  ##     ##  ######  ########

You're about to initialize a Firebase project in this directory:

  /Users/chirag/Desktop/svg2vector

[info] 
=== Project Setup
[info] 
[info] First, let's associate this project directory with a Firebase project.
[info] You can create multiple project aliases by running firebase use --add, 
[info] but for now we'll just set up a default project.
[info] 
[debug] [2025-01-20T19:09:33.451Z] Checked if tokens are valid: true, expires at: 1737403745181
[debug] [2025-01-20T19:09:33.451Z] Checked if tokens are valid: true, expires at: 1737403745181
[debug] [2025-01-20T19:09:33.452Z] >>> [apiv2][query] GET https://firebase.googleapis.com/v1beta1/projects pageSize=100
[debug] [2025-01-20T19:09:34.234Z] <<< [apiv2][status] GET https://firebase.googleapis.com/v1beta1/projects 200
[debug] [2025-01-20T19:09:34.234Z] <<< [apiv2][body] GET https://firebase.googleapis.com/v1beta1/projects [omitted]
[info] i  Don't want to scroll through all your projects? If you know your project ID, you can initialize it directly using firebase init --project <project_id>.
 
[info] i  Using project svg2vector (svg2vector) 
[info] 
=== Hosting Setup
[debug] [2025-01-20T19:09:52.750Z] Checked if tokens are valid: true, expires at: 1737403745181
[debug] [2025-01-20T19:09:52.750Z] Checked if tokens are valid: true, expires at: 1737403745181
[debug] [2025-01-20T19:09:52.750Z] >>> [apiv2][query] GET https://firebase.googleapis.com/v1beta1/projects/svg2vector [none]
[debug] [2025-01-20T19:09:53.232Z] <<< [apiv2][status] GET https://firebase.googleapis.com/v1beta1/projects/svg2vector 200
[debug] [2025-01-20T19:09:53.233Z] <<< [apiv2][body] GET https://firebase.googleapis.com/v1beta1/projects/svg2vector {"projectId":"svg2vector","projectNumber":"976220785628","displayName":"svg2vector","name":"projects/svg2vector","resources":{"hostingSite":"svg2vector"},"state":"ACTIVE","etag":"1_812b6f1f-f362-4206-8191-f9875cf7161c"}
[info] 
[info] i  Didn't detect a .git folder. Assuming /Users/chirag/Desktop/svg2vector is the project root. 
[info] i  Authorizing with GitHub to upload your service account to a GitHub repository's secrets store. 
[info] 
[info] Visit this URL on this device to log in:
[info] https://github.com/login/oauth/authorize?client_id=89cf50f02ac6aaed3484&state=462514656&redirect_uri=http%3A%2F%2Flocalhost%3A9005&scope=read%3Auser%20repo%20public_repo
[info] 
[info] Waiting for authentication...
[debug] [2025-01-20T19:12:39.466Z] >>> [apiv2][query] POST https://github.com/login/oauth/access_token [none]
[debug] [2025-01-20T19:12:39.467Z] >>> [apiv2][body] POST https://github.com/login/oauth/access_token [stream]
[debug] [2025-01-20T19:12:39.861Z] <<< [apiv2][status] POST https://github.com/login/oauth/access_token 200
[debug] [2025-01-20T19:12:39.862Z] <<< [apiv2][body] POST https://github.com/login/oauth/access_token {"access_token":"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","token_type":"bearer","scope":"read:user,repo"}
[debug] [2025-01-20T19:12:39.868Z] >>> [apiv2][query] GET https://api.github.com/user [none]
[debug] [2025-01-20T19:12:40.311Z] <<< [apiv2][status] GET https://api.github.com/user 200
[debug] [2025-01-20T19:12:40.312Z] <<< [apiv2][body] GET https://api.github.com/user {"login":"ChiragKushwaha","id":43230070,"node_id":"MDQ6VXNlcjQzMjMwMDcw","avatar_url":"https://avatars.githubusercontent.com/u/43230070?v=4","gravatar_id":"","url":"https://api.github.com/users/ChiragKushwaha","html_url":"https://github.com/ChiragKushwaha","followers_url":"https://api.github.com/users/ChiragKushwaha/followers","following_url":"https://api.github.com/users/ChiragKushwaha/following{/other_user}","gists_url":"https://api.github.com/users/ChiragKushwaha/gists{/gist_id}","starred_url":"https://api.github.com/users/ChiragKushwaha/starred{/owner}{/repo}","subscriptions_url":"https://api.github.com/users/ChiragKushwaha/subscriptions","organizations_url":"https://api.github.com/users/ChiragKushwaha/orgs","repos_url":"https://api.github.com/users/ChiragKushwaha/repos","events_url":"https://api.github.com/users/ChiragKushwaha/events{/privacy}","received_events_url":"https://api.github.com/users/ChiragKushwaha/received_events","type":"User","user_view_type":"private","site_admin":false,"name":"Chirag","company":"Eka care","blog":"https://chirag.rocks","location":"Bengaluru","email":null,"hireable":true,"bio":":D","twitter_username":"ChiragKushwaha_","notification_email":null,"public_repos":69,"public_gists":1,"followers":12,"following":11,"created_at":"2018-09-13T05:37:15Z","updated_at":"2025-01-20T13:33:25Z","private_gists":0,"total_private_repos":0,"owned_private_repos":0,"disk_usage":425351,"collaborators":0,"two_factor_authentication":true,"plan":{"name":"pro","space":976562499,"collaborators":0,"private_repos":9999}}
[info] 
[info] ✔  Success! Logged into GitHub as ChiragKushwaha 
[info] 
